<?xml version="1.0" encoding="UTF-8"?>
<!-- Generated by org.testng.reporters.JUnitReportReporter -->
<testsuite hostname="WIN-7C0NTN2" failures="0" tests="1" name="com.tests.SaucedemoMobile" time="333.628" errors="0" timestamp="2023-07-24T17:54:25 IST" skipped="0">
  <testcase classname="com.tests.SaucedemoMobile" name="OnineShoppingCart" time="333.628"/>
  <system-out/>
</testsuite> <!-- com.tests.SaucedemoMobile -->
